Running php-build composer

WARNING! Your credentials are stored unencrypted in '/home/runner/.docker/config.json'.
Configure a credential helper to remove this warning. See
https://docs.docker.com/go/credential-store/

Login Succeeded
Pulling docker.pkg.github.com/wp-pager/wp-pager/php-actions_composer_wp-pager:php-8.1-build2.1.0
php-8.1-build2.1.0: Pulling from wp-pager/wp-pager/php-actions_composer_wp-pager
f18232174bc9: Pulling fs layer
ce490cef60cc: Pulling fs layer
06aa51b59840: Pulling fs layer
ccc6bc4b6c18: Pulling fs layer
0fa6e2e83e52: Pulling fs layer
166e31f3fffa: Pulling fs layer
d1f2a08e25f4: Pulling fs layer
6760e90e8db4: Pulling fs layer
f40be739ede5: Pulling fs layer
28868337d56a: Pulling fs layer
8c3954b6c6b1: Pulling fs layer
166e31f3fffa: Waiting
d1f2a08e25f4: Waiting
6760e90e8db4: Waiting
f40be739ede5: Waiting
28868337d56a: Waiting
8c3954b6c6b1: Waiting
ccc6bc4b6c18: Waiting
0fa6e2e83e52: Waiting
06aa51b59840: Verifying Checksum
06aa51b59840: Download complete
ce490cef60cc: Download complete
f18232174bc9: Download complete
ccc6bc4b6c18: Verifying Checksum
ccc6bc4b6c18: Download complete
f18232174bc9: Pull complete
166e31f3fffa: Download complete
0fa6e2e83e52: Verifying Checksum
0fa6e2e83e52: Download complete
d1f2a08e25f4: Verifying Checksum
d1f2a08e25f4: Download complete
6760e90e8db4: Verifying Checksum
6760e90e8db4: Download complete
f40be739ede5: Verifying Checksum
f40be739ede5: Download complete
ce490cef60cc: Pull complete
06aa51b59840: Pull complete
ccc6bc4b6c18: Pull complete
0fa6e2e83e52: Pull complete
166e31f3fffa: Pull complete
28868337d56a: Verifying Checksum
28868337d56a: Download complete
d1f2a08e25f4: Pull complete
6760e90e8db4: Pull complete
f40be739ede5: Pull complete
28868337d56a: Pull complete
8c3954b6c6b1: Verifying Checksum
8c3954b6c6b1: Download complete
8c3954b6c6b1: Pull complete
Digest: sha256:b371c26160e54a2e05e3de3004f73320f2f149532a9c8a6333bc431a735423a8
Status: Downloaded newer image for docker.pkg.github.com/wp-pager/wp-pager/php-actions_composer_wp-pager:php-8.1-build2.1.0
docker.pkg.github.com/wp-pager/wp-pager/php-actions_composer_wp-pager:php-8.1-build2.1.0
Docker tag: docker.pkg.github.com/wp-pager/wp-pager/php-actions_composer_wp-pager:php-8.1-build2.1.0
No private keys supplied
Command: composer install --no-dev --no-interaction --no-interaction
Skipping env variable PWD
Skipping env variable HOME
Skipping env variable SHLVL
Skipping env variable PATH
